app/build/intermediates/manifest_merge_blame_file/debug/manifest-merger-blame-debug-report.txt
1<?xml version="1.0" encoding="utf-8"?>
2<manifest xmlns:android="http://schemas.android.com/apk/res/android"
3    package="com.frsarker.weatherapp"
4    android:versionCode="1"
5    android:versionName="1.0" >
6
7    <uses-sdk
8        android:minSdkVersion="16"
8-->src\main\AndroidManifest.xml
9        android:targetSdkVersion="29" />
9-->src\main\AndroidManifest.xml
10
11    <uses-permission android:name="android.permission.INTERNET" />
11-->src\main\AndroidManifest.xml:5:5-67
11-->src\main\AndroidManifest.xml:5:22-64
12
13    <application
13-->src\main\AndroidManifest.xml:7:5-33:19
14        android:allowBackup="true"
14-->src\main\AndroidManifest.xml:8:9-35
15        android:appComponentFactory="androidx.core.app.CoreComponentFactory"
15-->[androidx.core:core:1.3.2] AndroidManifest.xml:24:18-86
16        android:debuggable="true"
17        android:icon="@mipmap/ic_launcher"
17-->src\main\AndroidManifest.xml:10:9-43
18        android:label="@string/app_name"
18-->src\main\AndroidManifest.xml:11:9-41
19        android:roundIcon="@mipmap/ic_launcher_round"
19-->src\main\AndroidManifest.xml:12:9-54
20        android:supportsRtl="true"
20-->src\main\AndroidManifest.xml:13:9-35
21        android:testOnly="true"
22        android:theme="@style/AppTheme"
22-->src\main\AndroidManifest.xml:14:9-40
23        android:usesCleartextTraffic="true" >
23-->src\main\AndroidManifest.xml:9:9-44
24        <activity android:name="com.frsarker.weatherapp.MainActivity" >
24-->src\main\AndroidManifest.xml:15:9-20:20
24-->src\main\AndroidManifest.xml:15:19-47
25            <intent-filter>
25-->src\main\AndroidManifest.xml:16:13-19:29
26                <action android:name="android.intent.action.MAIN" />
26-->src\main\AndroidManifest.xml:17:17-69
26-->src\main\AndroidManifest.xml:17:25-66
27
28                <category android:name="android.intent.category.LAUNCHER" />
28-->src\main\AndroidManifest.xml:18:17-77
28-->src\main\AndroidManifest.xml:18:27-74
29            </intent-filter>
30        </activity>
31        <activity android:name="com.frsarker.weatherapp.PrefaddressActivity" />
31-->src\main\AndroidManifest.xml:22:9-66
31-->src\main\AndroidManifest.xml:22:19-54
32        <activity android:name="com.frsarker.weatherapp.SettingActivity" />
32-->src\main\AndroidManifest.xml:23:9-62
32-->src\main\AndroidManifest.xml:23:19-50
33
34        <receiver
34-->src\main\AndroidManifest.xml:25:9-31:20
35            android:name="com.frsarker.weatherapp.AlertReceiver"
35-->src\main\AndroidManifest.xml:25:19-48
36            android:enabled="true"
36-->src\main\AndroidManifest.xml:26:13-35
37            android:exported="false" >
37-->src\main\AndroidManifest.xml:27:13-37
38            <intent-filter>
38-->src\main\AndroidManifest.xml:28:13-30:29
39                <action android:name="android.intent.action.BOOT_COMPLETED" />
39-->src\main\AndroidManifest.xml:29:17-79
39-->src\main\AndroidManifest.xml:29:25-76
40            </intent-filter>
41        </receiver>
42    </application>
43
44</manifest>